<?xml version="1.0" encoding="UTF-8"?>
<testsuite name="com.example.PrintServiceTest" tests="1" skipped="0" failures="0" errors="0" timestamp="2023-12-05T18:06:19" hostname="COSML-1726744" time="0.026">
  <properties/>
  <testcase name="testService()" classname="com.example.PrintServiceTest" time="0.026"/>
  <system-out><![CDATA[]]></system-out>
  <system-err><![CDATA[]]></system-err>
</testsuite>
